<?xml version="1.0" encoding="UTF-8"?>
<testsuites>
  <testsuite name="fastlane.lanes">
    
    
    
      
      <testcase classname="fastlane.lanes" name="0: default_platform" time="0.000266">
        
      </testcase>
    
      
      <testcase classname="fastlane.lanes" name="1: test" time="54.883515">
        
          <failure message="/opt/homebrew/Cellar/fastlane/2.227.0/libexec/gems/fastlane-2.227.0/fastlane/lib/fastlane/actions/actions_helper.rb:67:in &apos;Fastlane::Actions.execute_action&apos;&#10;/opt/homebrew/Cellar/fastlane/2.227.0/libexec/gems/fastlane-2.227.0/fastlane/lib/fastlane/runner.rb:255:in &apos;block in Fastlane::Runner#execute_action&apos;&#10;/opt/homebrew/Cellar/fastlane/2.227.0/libexec/gems/fastlane-2.227.0/fastlane/lib/fastlane/runner.rb:229:in &apos;Dir.chdir&apos;&#10;/opt/homebrew/Cellar/fastlane/2.227.0/libexec/gems/fastlane-2.227.0/fastlane/lib/fastlane/runner.rb:229:in &apos;Fastlane::Runner#execute_action&apos;&#10;/opt/homebrew/Cellar/fastlane/2.227.0/libexec/gems/fastlane-2.227.0/fastlane/lib/fastlane/runner.rb:157:in &apos;Fastlane::Runner#trigger_action_by_name&apos;&#10;/opt/homebrew/Cellar/fastlane/2.227.0/libexec/gems/fastlane-2.227.0/fastlane/lib/fastlane/fast_file.rb:159:in &apos;Fastlane::FastFile#method_missing&apos;&#10;Fastfile:21:in &apos;block (2 levels) in Fastlane::FastFile#parsing_binding&apos;&#10;/opt/homebrew/Cellar/fastlane/2.227.0/libexec/gems/fastlane-2.227.0/fastlane/lib/fastlane/lane.rb:41:in &apos;Fastlane::Lane#call&apos;&#10;/opt/homebrew/Cellar/fastlane/2.227.0/libexec/gems/fastlane-2.227.0/fastlane/lib/fastlane/runner.rb:49:in &apos;block in Fastlane::Runner#execute&apos;&#10;/opt/homebrew/Cellar/fastlane/2.227.0/libexec/gems/fastlane-2.227.0/fastlane/lib/fastlane/runner.rb:45:in &apos;Dir.chdir&apos;&#10;/opt/homebrew/Cellar/fastlane/2.227.0/libexec/gems/fastlane-2.227.0/fastlane/lib/fastlane/runner.rb:45:in &apos;Fastlane::Runner#execute&apos;&#10;/opt/homebrew/Cellar/fastlane/2.227.0/libexec/gems/fastlane-2.227.0/fastlane/lib/fastlane/lane_manager.rb:46:in &apos;Fastlane::LaneManager.cruise_lane&apos;&#10;/opt/homebrew/Cellar/fastlane/2.227.0/libexec/gems/fastlane-2.227.0/fastlane/lib/fastlane/command_line_handler.rb:34:in &apos;Fastlane::CommandLineHandler.handle&apos;&#10;/opt/homebrew/Cellar/fastlane/2.227.0/libexec/gems/fastlane-2.227.0/fastlane/lib/fastlane/commands_generator.rb:110:in &apos;block (2 levels) in Fastlane::CommandsGenerator#run&apos;&#10;/opt/homebrew/Cellar/fastlane/2.227.0/libexec/gems/commander-4.6.0/lib/commander/command.rb:187:in &apos;Commander::Command#call&apos;&#10;/opt/homebrew/Cellar/fastlane/2.227.0/libexec/gems/commander-4.6.0/lib/commander/command.rb:157:in &apos;Commander::Command#run&apos;&#10;/opt/homebrew/Cellar/fastlane/2.227.0/libexec/gems/commander-4.6.0/lib/commander/runner.rb:444:in &apos;Commander::Runner#run_active_command&apos;&#10;/opt/homebrew/Cellar/fastlane/2.227.0/libexec/gems/fastlane-2.227.0/fastlane_core/lib/fastlane_core/ui/fastlane_runner.rb:124:in &apos;Commander::Runner#run!&apos;&#10;/opt/homebrew/Cellar/fastlane/2.227.0/libexec/gems/commander-4.6.0/lib/commander/delegates.rb:18:in &apos;Commander::Delegates#run!&apos;&#10;/opt/homebrew/Cellar/fastlane/2.227.0/libexec/gems/fastlane-2.227.0/fastlane/lib/fastlane/commands_generator.rb:363:in &apos;Fastlane::CommandsGenerator#run&apos;&#10;/opt/homebrew/Cellar/fastlane/2.227.0/libexec/gems/fastlane-2.227.0/fastlane/lib/fastlane/commands_generator.rb:43:in &apos;Fastlane::CommandsGenerator.start&apos;&#10;/opt/homebrew/Cellar/fastlane/2.227.0/libexec/gems/fastlane-2.227.0/fastlane/lib/fastlane/cli_tools_distributor.rb:123:in &apos;Fastlane::CLIToolsDistributor.take_off&apos;&#10;/opt/homebrew/Cellar/fastlane/2.227.0/libexec/gems/fastlane-2.227.0/bin/fastlane:23:in &apos;&lt;top (required)&gt;&apos;&#10;/opt/homebrew/Cellar/fastlane/2.227.0/libexec/bin/fastlane:25:in &apos;Kernel#load&apos;&#10;/opt/homebrew/Cellar/fastlane/2.227.0/libexec/bin/fastlane:25:in &apos;&lt;main&gt;&apos;&#10;&#10;Exit status of command &apos;/Users/gonzalo/AndroidStudioProjects/MTCQuiz/gradlew test -p .&apos; was 1 instead of 0.&#10;&#10;Welcome to Gradle 8.11.1!&#10;&#10;Here are the highlights of this release:&#10; - Parallel load and store for Configuration Cache&#10; - Java compilation errors at the end of the build output&#10; - Consolidated report for warnings and deprecations&#10;&#10;For more details see https://docs.gradle.org/8.11.1/release-notes.html&#10;&#10;Starting a Gradle Daemon, 1 incompatible Daemon could not be reused, use --status for details&#10;&gt; Task :app:preBuild UP-TO-DATE&#10;&gt; Task :app:preProdDebugBuild UP-TO-DATE&#10;&gt; Task :app:checkKotlinGradlePluginConfigurationErrors SKIPPED&#10;&gt; Task :app:generateProdDebugBuildConfig&#10;&gt; Task :app:generateProdDebugResValues&#10;&gt; Task :app:checkProdDebugAarMetadata&#10;&gt; Task :app:mapProdDebugSourceSetPaths&#10;&gt; Task :app:generateProdDebugResources&#10;&gt; Task :app:packageProdDebugResources&#10;&gt; Task :app:createProdDebugCompatibleScreenManifests&#10;&gt; Task :app:extractDeepLinksProdDebug&#10;&gt; Task :app:parseProdDebugLocalResources&#10;&gt; Task :app:mergeProdDebugResources&#10;&gt; Task :app:processProdDebugMainManifest&#10;&gt; Task :app:processProdDebugManifest&#10;&gt; Task :app:preProdDebugUnitTestBuild UP-TO-DATE&#10;&gt; Task :app:preProdReleaseBuild UP-TO-DATE&#10;&gt; Task :app:javaPreCompileProdDebugUnitTest&#10;&gt; Task :app:generateProdReleaseBuildConfig&#10;&gt; Task :app:javaPreCompileProdDebug&#10;&gt; Task :app:generateProdReleaseResValues&#10;&gt; Task :app:mapProdReleaseSourceSetPaths&#10;&gt; Task :app:checkProdReleaseAarMetadata&#10;&gt; Task :app:generateProdReleaseResources&#10;&gt; Task :app:packageProdReleaseResources&#10;&gt; Task :app:createProdReleaseCompatibleScreenManifests&#10;&gt; Task :app:extractDeepLinksProdRelease&#10;&gt; Task :app:parseProdReleaseLocalResources&#10;&gt; Task :app:processProdReleaseMainManifest&#10;&gt; Task :app:processProdReleaseManifest&#10;&gt; Task :app:processProdReleaseManifestForPackage&#10;&gt; Task :app:javaPreCompileProdRelease&#10;&gt; Task :app:buildKotlinToolingMetadata&#10;&gt; Task :app:preProdReleaseUnitTestBuild UP-TO-DATE&#10;&gt; Task :app:preQaDebugBuild UP-TO-DATE&#10;&gt; Task :app:javaPreCompileProdReleaseUnitTest&#10;&gt; Task :app:generateQaDebugBuildConfig&#10;&gt; Task :app:generateQaDebugResValues&#10;&gt; Task :app:checkQaDebugAarMetadata&#10;&gt; Task :app:mapQaDebugSourceSetPaths&#10;&gt; Task :app:generateQaDebugResources&#10;&gt; Task :app:packageQaDebugResources&#10;&gt; Task :app:processProdDebugManifestForPackage&#10;&gt; Task :app:parseQaDebugLocalResources&#10;&gt; Task :app:mergeProdReleaseResources&#10;&gt; Task :app:mergeQaDebugResources&#10;&gt; Task :app:createQaDebugCompatibleScreenManifests&#10;&gt; Task :app:extractDeepLinksQaDebug&#10;&gt; Task :app:processQaDebugMainManifest&#10;&gt; Task :app:processQaDebugManifest&#10;&gt; Task :app:processQaDebugManifestForPackage&#10;&gt; Task :app:javaPreCompileQaDebug&#10;&gt; Task :app:preQaDebugUnitTestBuild UP-TO-DATE&#10;&gt; Task :app:preQaReleaseBuild UP-TO-DATE&#10;&gt; Task :app:javaPreCompileQaDebugUnitTest&#10;&gt; Task :app:generateQaReleaseBuildConfig&#10;&gt; Task :app:generateQaReleaseResValues&#10;&gt; Task :app:mapQaReleaseSourceSetPaths&#10;&gt; Task :app:generateQaReleaseResources&#10;&gt; Task :app:checkQaReleaseAarMetadata&#10;&gt; Task :app:processQaDebugResources&#10;&gt; Task :app:processProdDebugResources&#10;&gt; Task :app:processProdReleaseResources&#10;&gt; Task :app:mergeQaReleaseResources&#10;&gt; Task :app:packageQaReleaseResources&#10;&gt; Task :app:createQaReleaseCompatibleScreenManifests&#10;&gt; Task :app:extractDeepLinksQaRelease&#10;&gt; Task :app:parseQaReleaseLocalResources&#10;&gt; Task :app:processQaReleaseMainManifest&#10;&gt; Task :app:processQaReleaseManifest&#10;&gt; Task :app:processQaReleaseManifestForPackage&#10;&gt; Task :app:javaPreCompileQaRelease&#10;&gt; Task :app:preQaReleaseUnitTestBuild UP-TO-DATE&#10;&gt; Task :app:javaPreCompileQaReleaseUnitTest&#10;&gt; Task :app:processQaReleaseResources&#10;&gt; Task :app:kspQaDebugKotlin&#10;&gt; Task :app:kspProdReleaseKotlin&#10;&gt; Task :app:kspQaReleaseKotlin&#10;&gt; Task :app:kspProdDebugKotlin&#10;&#10;&gt; Task :app:compileProdReleaseKotlin&#10;w: file:///Users/gonzalo/AndroidStudioProjects/MTCQuiz/app/src/main/java/com/gondroid/mtcquiz/MainActivity.kt:78:9 &apos;@Deprecated(...) @Composable() @ComposableTarget(...) fun Divider(modifier: Modifier = ..., thickness: Dp = ..., color: Color = ...): Unit&apos; is deprecated. Renamed to HorizontalDivider.&#10;&#10;&gt; Task :app:compileQaDebugKotlin&#10;w: file:///Users/gonzalo/AndroidStudioProjects/MTCQuiz/app/src/main/java/com/gondroid/mtcquiz/MainActivity.kt:78:9 &apos;@Deprecated(...) @Composable() @ComposableTarget(...) fun Divider(modifier: Modifier = ..., thickness: Dp = ..., color: Color = ...): Unit&apos; is deprecated. Renamed to HorizontalDivider.&#10;&#10;&gt; Task :app:compileProdDebugKotlin&#10;w: file:///Users/gonzalo/AndroidStudioProjects/MTCQuiz/app/src/main/java/com/gondroid/mtcquiz/MainActivity.kt:78:9 &apos;@Deprecated(...) @Composable() @ComposableTarget(...) fun Divider(modifier: Modifier = ..., thickness: Dp = ..., color: Color = ...): Unit&apos; is deprecated. Renamed to HorizontalDivider.&#10;&#10;&gt; Task :app:compileQaReleaseKotlin&#10;w: file:///Users/gonzalo/AndroidStudioProjects/MTCQuiz/app/src/main/java/com/gondroid/mtcquiz/MainActivity.kt:78:9 &apos;@Deprecated(...) @Composable() @ComposableTarget(...) fun Divider(modifier: Modifier = ..., thickness: Dp = ..., color: Color = ...): Unit&apos; is deprecated. Renamed to HorizontalDivider.&#10;&#10;&gt; Task :app:compileProdReleaseJavaWithJavac&#10;&gt; Task :app:compileProdDebugJavaWithJavac&#10;&gt; Task :app:hiltAggregateDepsProdDebug&#10;&gt; Task :app:hiltAggregateDepsProdRelease&#10;&#10;&gt; Task :app:hiltJavaCompileProdDebug&#10;warning: Kapt support in Moshi Kotlin Code Gen is deprecated and will be removed in 2.0. Please migrate to KSP. https://github.com/square/moshi#codegen&#10;1 warning&#10;&#10;&gt; Task :app:bundleProdDebugClassesToCompileJar&#10;&#10;&gt; Task :app:hiltJavaCompileProdRelease&#10;warning: Kapt support in Moshi Kotlin Code Gen is deprecated and will be removed in 2.0. Please migrate to KSP. https://github.com/square/moshi#codegen&#10;1 warning&#10;&#10;&gt; Task :app:bundleProdReleaseClassesToCompileJar&#10;&gt; Task :app:compileQaDebugJavaWithJavac&#10;&gt; Task :app:kspProdDebugUnitTestKotlin&#10;&gt; Task :app:hiltAggregateDepsQaDebug&#10;&gt; Task :app:kspProdReleaseUnitTestKotlin&#10;&gt; Task :app:compileQaReleaseJavaWithJavac&#10;&#10;&gt; Task :app:compileProdReleaseUnitTestKotlin FAILED&#10;e: file:///Users/gonzalo/AndroidStudioProjects/MTCQuiz/app/src/test/java/com/gondroid/mtcquiz/ExampleUnitTest.kt:3:12 Unresolved reference &apos;junit&apos;.&#10;e: file:///Users/gonzalo/AndroidStudioProjects/MTCQuiz/app/src/test/java/com/gondroid/mtcquiz/ExampleUnitTest.kt:5:12 Unresolved reference &apos;junit&apos;.&#10;e: file:///Users/gonzalo/AndroidStudioProjects/MTCQuiz/app/src/test/java/com/gondroid/mtcquiz/ExampleUnitTest.kt:13:6 Unresolved reference &apos;Test&apos;.&#10;e: file:///Users/gonzalo/AndroidStudioProjects/MTCQuiz/app/src/test/java/com/gondroid/mtcquiz/ExampleUnitTest.kt:15:9 Unresolved reference &apos;assertEquals&apos;.&#10;&#10;&gt; Task :app:compileProdDebugUnitTestKotlin FAILED&#10;e: file:///Users/gonzalo/AndroidStudioProjects/MTCQuiz/app/src/test/java/com/gondroid/mtcquiz/ExampleUnitTest.kt:3:12 Unresolved reference &apos;junit&apos;.&#10;e: file:///Users/gonzalo/AndroidStudioProjects/MTCQuiz/app/src/test/java/com/gondroid/mtcquiz/ExampleUnitTest.kt:5:12 Unresolved reference &apos;junit&apos;.&#10;e: file:///Users/gonzalo/AndroidStudioProjects/MTCQuiz/app/src/test/java/com/gondroid/mtcquiz/ExampleUnitTest.kt:13:6 Unresolved reference &apos;Test&apos;.&#10;e: file:///Users/gonzalo/AndroidStudioProjects/MTCQuiz/app/src/test/java/com/gondroid/mtcquiz/ExampleUnitTest.kt:15:9 Unresolved reference &apos;assertEquals&apos;.&#10;&#10;&gt; Task :app:hiltJavaCompileQaDebug&#10;warning: Kapt support in Moshi Kotlin Code Gen is deprecated and will be removed in 2.0. Please migrate to KSP. https://github.com/square/moshi#codegen&#10;1 warning&#10;&#10;&gt; Task :app:copyRoomSchemas NO-SOURCE&#10;[Incubating] Problems report is available at: file:///Users/gonzalo/AndroidStudioProjects/MTCQuiz/build/reports/problems/problems-report.html&#10;&#10;FAILURE: Build completed with 2 failures.&#10;&#10;1: Task failed with an exception.&#10;-----------&#10;* What went wrong:&#10;Execution failed for task &apos;:app:compileProdReleaseUnitTestKotlin&apos;.&#10;&gt; A failure occurred while executing org.jetbrains.kotlin.compilerRunner.GradleCompilerRunnerWithWorkers$GradleKotlinCompilerWorkAction&#10;   &gt; Compilation error. See log for more details&#10;&#10;* Try:&#10;&gt; Run with --stacktrace option to get the stack trace.&#10;&gt; Run with --info or --debug option to get more log output.&#10;&gt; Run with --scan to get full insights.&#10;&gt; Get more help at https://help.gradle.org.&#10;==============================================================================&#10;&#10;2: Task failed with an exception.&#10;-----------&#10;* What went wrong:&#10;Execution failed for task &apos;:app:compileProdDebugUnitTestKotlin&apos;.&#10;&gt; A failure occurred while executing org.jetbrains.kotlin.compilerRunner.GradleCompilerRunnerWithWorkers$GradleKotlinCompilerWorkAction&#10;   &gt; Compilation error. See log for more details&#10;&#10;* Try:&#10;&gt; Run with --stacktrace option to get the stack trace.&#10;&gt; Run with --info or --debug option to get more log output.&#10;&gt; Run with --scan to get full insights.&#10;&gt; Get more help at https://help.gradle.org.&#10;==============================================================================&#10;&#10;BUILD FAILED in 53s&#10;89 actionable tasks: 89 executed&#10;" />
        
      </testcase>
    
  </testsuite>
</testsuites>
